0 info it worked if it ends with ok
1 verbose cli [ '/Users/user/.nvm/versions/node/v4.5.0/bin/node',
1 verbose cli   '/Users/user/.nvm/versions/node/v4.5.0/bin/npm',
1 verbose cli   'run',
1 verbose cli   'compile' ]
2 info using npm@2.15.9
3 info using node@v4.5.0
4 verbose run-script [ 'precompile', 'compile', 'postcompile' ]
5 info precompile promern_stack@1.0.0
6 info compile promern_stack@1.0.0
7 verbose unsafe-perm in lifecycle true
8 info promern_stack@1.0.0 Failed to exec compile script
9 verbose stack Error: promern_stack@1.0.0 compile: `babel src -presets react -out-dir static`
9 verbose stack Exit status 2
9 verbose stack     at EventEmitter.<anonymous> (/Users/user/.nvm/versions/node/v4.5.0/lib/node_modules/npm/lib/utils/lifecycle.js:217:16)
9 verbose stack     at emitTwo (events.js:87:13)
9 verbose stack     at EventEmitter.emit (events.js:172:7)
9 verbose stack     at ChildProcess.<anonymous> (/Users/user/.nvm/versions/node/v4.5.0/lib/node_modules/npm/lib/utils/spawn.js:24:14)
9 verbose stack     at emitTwo (events.js:87:13)
9 verbose stack     at ChildProcess.emit (events.js:172:7)
9 verbose stack     at maybeClose (internal/child_process.js:829:16)
9 verbose stack     at Process.ChildProcess._handle.onexit (internal/child_process.js:211:5)
10 verbose pkgid promern_stack@1.0.0
11 verbose cwd /Users/user/proMERN_stack
12 error Darwin 15.6.0
13 error argv "/Users/user/.nvm/versions/node/v4.5.0/bin/node" "/Users/user/.nvm/versions/node/v4.5.0/bin/npm" "run" "compile"
14 error node v4.5.0
15 error npm  v2.15.9
16 error code ELIFECYCLE
17 error promern_stack@1.0.0 compile: `babel src -presets react -out-dir static`
17 error Exit status 2
18 error Failed at the promern_stack@1.0.0 compile script 'babel src -presets react -out-dir static'.
18 error This is most likely a problem with the promern_stack package,
18 error not with npm itself.
18 error Tell the author that this fails on your system:
18 error     babel src -presets react -out-dir static
18 error You can get information on how to open an issue for this project with:
18 error     npm bugs promern_stack
18 error Or if that isn't available, you can get their info via:
18 error
18 error     npm owner ls promern_stack
18 error There is likely additional logging output above.
19 verbose exit [ 1, true ]
